<?xml version="1.0" encoding="UTF-8"?>
<testng-results ignored="0" total="1" passed="1" failed="0" skipped="0">
  <reporter-output>
  </reporter-output>
  <suite started-at="2023-04-04T11:27:01 TRT" name="Surefire suite" finished-at="2023-04-04T11:27:05 TRT" duration-ms="4502">
    <groups>
    </groups>
    <test started-at="2023-04-04T11:27:01 TRT" name="Surefire test" finished-at="2023-04-04T11:27:05 TRT" duration-ms="4502">
      <class name="session1.TestingTest">
        <test-method is-config="true" signature="setUp()[pri:0, instance:session1.TestingTest@2fd6b6c7]" started-at="2023-04-04T11:27:01 TRT" name="setUp" finished-at="2023-04-04T11:27:02 TRT" duration-ms="1380" status="PASS">
          <reporter-output>
          </reporter-output>
        </test-method> <!-- setUp -->
        <test-method signature="testExample()[pri:0, instance:session1.TestingTest@2fd6b6c7]" started-at="2023-04-04T11:27:02 TRT" name="testExample" finished-at="2023-04-04T11:27:05 TRT" duration-ms="2910" status="PASS">
          <reporter-output>
          </reporter-output>
        </test-method> <!-- testExample -->
        <test-method is-config="true" signature="tearDown()[pri:0, instance:session1.TestingTest@2fd6b6c7]" started-at="2023-04-04T11:27:05 TRT" name="tearDown" finished-at="2023-04-04T11:27:05 TRT" duration-ms="183" status="PASS">
          <reporter-output>
          </reporter-output>
        </test-method> <!-- tearDown -->
      </class> <!-- session1.TestingTest -->
    </test> <!-- Surefire test -->
  </suite> <!-- Surefire suite -->
</testng-results>
